<?xml version="1.0" encoding="UTF-8"?>
<testng-results ignored="0" total="1" passed="1" failed="0" skipped="0">
  <reporter-output>
  </reporter-output>
  <suite started-at="2021-12-28T20:41:12 IST" name="Default suite" finished-at="2021-12-28T20:41:37 IST" duration-ms="24572">
    <groups>
    </groups>
    <test started-at="2021-12-28T20:41:12 IST" name="Default test" finished-at="2021-12-28T20:41:37 IST" duration-ms="24572">
      <class name="TestCases.LoginApplication">
        <test-method signature="Amazon()[pri:0, instance:TestCases.LoginApplication@708f5957]" started-at="2021-12-28T20:41:12 IST" name="Amazon" finished-at="2021-12-28T20:41:37 IST" duration-ms="24538" status="PASS">
          <reporter-output>
          </reporter-output>
        </test-method> <!-- Amazon -->
      </class> <!-- TestCases.LoginApplication -->
    </test> <!-- Default test -->
  </suite> <!-- Default suite -->
</testng-results>
